130218 18:28:39	  209 Query	.\ schema.sql
130218 18:28:44	  209 Query	create table PERSON(
   userid INTEGER NOT NULL AUTO_INCREMENT,
   username VARCHAR(25) NOT NULL,
   password VARCHAR(25) NOT NULL,
   firstname VARCHAR(25) NOT NULL,
   lastname VARCHAR(25) NOT NULL,
   email VARCHAR(90) NOT NULL,
   telephone VARCHAR(25) NOT NULL,
   imageurl VARCHAR(100) NOT NULL,
   imagethumburl VARCHAR(100) NOT NULL,
   summary VARCHAR(2500) NOT NULL,
   timezone VARCHAR(100) NOT NULL,
   ADDRESS_addressid INTEGER NOT NULL,
   primary key (userid)
) ENGINE=InnoDB
		  209 Query	CREATE UNIQUE INDEX PERSON_USER_IDX on PERSON (username)
		  209 Query	CREATE TABLE PERSON_PERSON (
Person_username VARCHAR(25) NOT NULL,
friends_username VARCHAR(25) NOT NULL,
is_accepted tinyint(1) NOT NULL,
PRIMARY KEY (Person_username, friends_username)
) ENGINE=InnoDB
130218 18:28:45	  209 Query	CREATE INDEX FRIENDS_USERNAME_IDX on PERSON_PERSON (friends_username)
		  209 Query	CREATE TABLE PERSON_SOCIALEVENT (
username VARCHAR(25) NOT NULL,
socialeventid INTEGER NOT NULL,
PRIMARY KEY (username, socialeventid)
)ENGINE=InnoDB
		  209 Query	CREATE INDEX SOCIALEVENT_PERSON_IDX on PERSON_SOCIALEVENT (socialeventid)
		  209 Query	CREATE TABLE ADDRESS (
addressid INTEGER NOT NULL AUTO_INCREMENT,
street1 VARCHAR(55) NOT NULL,
street2 VARCHAR(55),
city VARCHAR(55) NOT NULL,
state VARCHAR(25) NOT NULL,
zip VARCHAR(12) NOT NULL,
country VARCHAR(55) NOT NULL,
latitude DECIMAL(14,10) NOT NULL,
longitude DECIMAL(14,10) NOT NULL,
primary key (addressid)
)ENGINE=InnoDB
		  209 Query	CREATE TABLE ID_GEN (
   gen_key VARCHAR(20) NOT NULL,
   gen_value INTEGER NOT NULL,
   primary key (gen_key)
)ENGINE=InnoDB
		  209 Query	CREATE TABLE SOCIALEVENT (
   socialeventid INTEGER NOT NULL AUTO_INCREMENT,
   title VARCHAR(100) NOT NULL,
   description VARCHAR(500) NOT NULL,
   submitterUserName VARCHAR(25) NOT NULL,
   ADDRESS_addressid INTEGER NOT NULL,
   totalscore INTEGER NOT NULL,
   numberofvotes INTEGER NOT NULL,
   imageurl VARCHAR(100) NOT NULL,
   imagethumburl VARCHAR(100) NOT NULL,
   literatureurl VARCHAR(100) NOT NULL,
   telephone VARCHAR(20) NOT NULL,
   timezone VARCHAR(100) NOT NULL,
   eventtimestamp VARCHAR(25) NOT NULL,
   createdtimestamp TIMESTAMP NOT NULL,
   disabled INTEGER NOT NULL,
   eventdate VARCHAR(10) NOT NULL,
   summary VARCHAR(100) NOT NULL,
   primary key (socialeventid),
   foreign key (ADDRESS_addressid) references ADDRESS(addressid)
)ENGINE=InnoDB
		  209 Query	CREATE INDEX SOCIALEVENT_DATE_IDX on SOCIALEVENT (eventdate)
		  209 Query	CREATE INDEX SOCIALEVENT_EVENTTIMESTAMP_IDX on SOCIALEVENT (eventtimestamp)
		  209 Query	CREATE INDEX SOCIALEVENT_CREATEDTIMESTAMP_IDX on SOCIALEVENT (createdtimestamp)
		  209 Query	CREATE INDEX SOCIALEVENT_SUBMITTERUSERNAME_IDX  on SOCIALEVENT (submitterUserName)
		  209 Query	create table SOCIALEVENTTAG(
   socialeventtagid INTEGER NOT NULL AUTO_INCREMENT,
   tag VARCHAR(30) NOT NULL,
   refcount INTEGER NOT NULL,
   primary key (socialeventtagid),
   unique(tag)
)ENGINE=InnoDB
130218 18:28:46	  209 Query	CREATE INDEX SOCIALEVENTTAG_TAG on SOCIALEVENTTAG (tag)
		  209 Query	create table SOCIALEVENTTAG_SOCIALEVENT(
   socialeventtagid INTEGER NOT NULL,
   socialeventid INTEGER NOT NULL,
   unique(socialeventtagid, socialeventid),
   foreign key (socialeventid) references SOCIALEVENT(socialeventid),
   foreign key (socialeventtagid) references SOCIALEVENTTAG(socialeventtagid)
)ENGINE=InnoDB
		  209 Query	CREATE INDEX SOCIALEVENT_TAG on SOCIALEVENTTAG_SOCIALEVENT (socialeventid)
		  209 Query	create table COMMENTS_RATING(
   commentid INTEGER NOT NULL AUTO_INCREMENT,
   username VARCHAR(25) NOT NULL,
   socialeventid INTEGER NOT NULL,
   comments VARCHAR(2500) NOT NULL,
   ratings INTEGER NOT NULL,
   created_at TIMESTAMP NOT NULL,
   updated_at TIMESTAMP,
   foreign key (socialeventid) references SOCIALEVENT(socialeventid),
   foreign key (username) references PERSON(username),
   primary key (commentid)
)ENGINE=InnoDB
		  209 Query	CREATE INDEX SOCIALEVENT_COMMENTS on COMMENTS_RATING (socialeventid)
130218 18:29:46	  209 Quit	
